2022-06-05T17:35:46.799Z	INFO	dash/dash.go:637	cannot find kube config: /home/vscode/.kube/config
2022-06-05T17:35:46.799Z	INFO	dash/dash.go:134	no valid kube config found, initializing loading API
2022-06-05T17:35:46.799Z	INFO	dash/dash.go:154	waiting for kube config ...
2022-06-05T17:35:46.806Z	INFO	dash/dash.go:546	Dashboard is available at http://127.0.0.1:7777

2022-06-05T18:02:20.667Z	INFO	dash/watcher.go:117	watching config file	{"component": "config-watcher", "config": "/home/vscode/.kube/config"}
2022-06-05T18:02:20.673Z	INFO	module/manager.go:87	registering action	{"component": "module-manager", "actionPath": "overview/startPortForward", "module-name": "overview"}
2022-06-05T18:02:20.673Z	INFO	module/manager.go:87	registering action	{"component": "module-manager", "actionPath": "action.octant.dev/cronJob", "module-name": "overview"}
2022-06-05T18:02:20.673Z	INFO	module/manager.go:87	registering action	{"component": "module-manager", "actionPath": "action.octant.dev/update", "module-name": "overview"}
2022-06-05T18:02:20.673Z	INFO	module/manager.go:87	registering action	{"component": "module-manager", "actionPath": "action.octant.dev/manifest", "module-name": "overview"}
2022-06-05T18:02:20.673Z	INFO	module/manager.go:87	registering action	{"component": "module-manager", "actionPath": "action.octant.dev/uncordon", "module-name": "overview"}
2022-06-05T18:02:20.673Z	INFO	module/manager.go:87	registering action	{"component": "module-manager", "actionPath": "action.octant.dev/suspendCronJob", "module-name": "overview"}
2022-06-05T18:02:20.673Z	INFO	module/manager.go:87	registering action	{"component": "module-manager", "actionPath": "action.octant.dev/resumeCronJob", "module-name": "overview"}
2022-06-05T18:02:20.673Z	INFO	module/manager.go:87	registering action	{"component": "module-manager", "actionPath": "action.octant.dev/deploymentConfiguration", "module-name": "overview"}
2022-06-05T18:02:20.673Z	INFO	module/manager.go:87	registering action	{"component": "module-manager", "actionPath": "action.octant.dev/containerEditor", "module-name": "overview"}
2022-06-05T18:02:20.673Z	INFO	module/manager.go:87	registering action	{"component": "module-manager", "actionPath": "action.octant.dev/serviceEditor", "module-name": "overview"}
2022-06-05T18:02:20.673Z	INFO	module/manager.go:87	registering action	{"component": "module-manager", "actionPath": "overview/stopPortForward", "module-name": "overview"}
2022-06-05T18:02:20.673Z	INFO	module/manager.go:87	registering action	{"component": "module-manager", "actionPath": "action.octant.dev/cordon", "module-name": "overview"}
2022-06-05T18:02:20.673Z	INFO	module/manager.go:87	registering action	{"component": "module-manager", "actionPath": "action.octant.dev/apply", "module-name": "overview"}
2022-06-05T18:02:20.673Z	INFO	module/manager.go:87	registering action	{"component": "module-manager", "actionPath": "action.octant.dev/deleteObject", "module-name": "configuration"}
2022-06-05T18:02:20.673Z	WARN	plugin/manager.go:405	Unable to add /home/vscode/.config/octant/plugins to the plugin watcher. Error: no such file or directory

github.com/vmware-tanzu/octant/pkg/plugin.(*Manager).watchPluginFiles
	/__w/octant/octant/pkg/plugin/manager.go:405
2022-06-05T18:02:20.681Z	INFO	dash/dash.go:178	using api service
